2015-08-09T14:17:18+00:00 ERR (3): exception 'Exception' with message 'unable to send stats' in /var/www/vhosts/tarfee.com/httpdocs/application/modules/Core/Plugin/Task/Statistics.php:283
Stack trace:
#0 /var/www/vhosts/tarfee.com/httpdocs/application/modules/Core/Model/DbTable/Tasks.php(828): Core_Plugin_Task_Statistics->execute()
#1 /var/www/vhosts/tarfee.com/httpdocs/application/modules/Core/Model/DbTable/Tasks.php(670): Core_Model_DbTable_Tasks->_executeTask(Object(Engine_Db_Table_Row))
#2 /var/www/vhosts/tarfee.com/httpdocs/application/modules/Core/controllers/UtilityController.php(99): Core_Model_DbTable_Tasks->execute(Array)
#3 /var/www/vhosts/tarfee.com/httpdocs/application/libraries/Zend/Controller/Action.php(516): Core_UtilityController->tasksAction()
#4 /var/www/vhosts/tarfee.com/httpdocs/application/libraries/Zend/Controller/Dispatcher/Standard.php(308): Zend_Controller_Action->dispatch('tasksAction')
#5 /var/www/vhosts/tarfee.com/httpdocs/application/libraries/Zend/Controller/Front.php(954): Zend_Controller_Dispatcher_Standard->dispatch(Object(Zend_Controller_Request_Http), Object(Zend_Controller_Response_Http))
#6 /var/www/vhosts/tarfee.com/httpdocs/application/modules/Core/Bootstrap.php(83): Zend_Controller_Front->dispatch()
#7 /var/www/vhosts/tarfee.com/httpdocs/application/libraries/Engine/Application.php(160): Core_Bootstrap->run()
#8 /var/www/vhosts/tarfee.com/httpdocs/application/index.php(213): Engine_Application->run()
#9 /var/www/vhosts/tarfee.com/httpdocs/index.php(24): include('/var/www/vhosts...')
#10 {main}
2015-08-10T15:25:49+00:00 ERR (3): exception 'Exception' with message 'unable to send stats' in /var/www/vhosts/tarfee.com/httpdocs/application/modules/Core/Plugin/Task/Statistics.php:283
Stack trace:
#0 /var/www/vhosts/tarfee.com/httpdocs/application/modules/Core/Model/DbTable/Tasks.php(828): Core_Plugin_Task_Statistics->execute()
#1 /var/www/vhosts/tarfee.com/httpdocs/application/modules/Core/Model/DbTable/Tasks.php(670): Core_Model_DbTable_Tasks->_executeTask(Object(Engine_Db_Table_Row))
#2 /var/www/vhosts/tarfee.com/httpdocs/application/modules/Core/controllers/UtilityController.php(99): Core_Model_DbTable_Tasks->execute(Array)
#3 /var/www/vhosts/tarfee.com/httpdocs/application/libraries/Zend/Controller/Action.php(516): Core_UtilityController->tasksAction()
#4 /var/www/vhosts/tarfee.com/httpdocs/application/libraries/Zend/Controller/Dispatcher/Standard.php(308): Zend_Controller_Action->dispatch('tasksAction')
#5 /var/www/vhosts/tarfee.com/httpdocs/application/libraries/Zend/Controller/Front.php(954): Zend_Controller_Dispatcher_Standard->dispatch(Object(Zend_Controller_Request_Http), Object(Zend_Controller_Response_Http))
#6 /var/www/vhosts/tarfee.com/httpdocs/application/modules/Core/Bootstrap.php(83): Zend_Controller_Front->dispatch()
#7 /var/www/vhosts/tarfee.com/httpdocs/application/libraries/Engine/Application.php(160): Core_Bootstrap->run()
#8 /var/www/vhosts/tarfee.com/httpdocs/application/index.php(213): Engine_Application->run()
#9 /var/www/vhosts/tarfee.com/httpdocs/index.php(24): include('/var/www/vhosts...')
#10 {main}
2015-08-20T10:36:46+00:00 ERR (3): exception 'Exception' with message 'unable to send stats' in /var/www/vhosts/tarfee.com/httpdocs/application/modules/Core/Plugin/Task/Statistics.php:283
Stack trace:
#0 /var/www/vhosts/tarfee.com/httpdocs/application/modules/Core/Model/DbTable/Tasks.php(828): Core_Plugin_Task_Statistics->execute()
#1 /var/www/vhosts/tarfee.com/httpdocs/application/modules/Core/Model/DbTable/Tasks.php(670): Core_Model_DbTable_Tasks->_executeTask(Object(Engine_Db_Table_Row))
#2 /var/www/vhosts/tarfee.com/httpdocs/application/modules/Core/controllers/UtilityController.php(99): Core_Model_DbTable_Tasks->execute(Array)
#3 /var/www/vhosts/tarfee.com/httpdocs/application/libraries/Zend/Controller/Action.php(516): Core_UtilityController->tasksAction()
#4 /var/www/vhosts/tarfee.com/httpdocs/application/libraries/Zend/Controller/Dispatcher/Standard.php(308): Zend_Controller_Action->dispatch('tasksAction')
#5 /var/www/vhosts/tarfee.com/httpdocs/application/libraries/Zend/Controller/Front.php(954): Zend_Controller_Dispatcher_Standard->dispatch(Object(Zend_Controller_Request_Http), Object(Zend_Controller_Response_Http))
#6 /var/www/vhosts/tarfee.com/httpdocs/application/modules/Core/Bootstrap.php(83): Zend_Controller_Front->dispatch()
#7 /var/www/vhosts/tarfee.com/httpdocs/application/libraries/Engine/Application.php(160): Core_Bootstrap->run()
#8 /var/www/vhosts/tarfee.com/httpdocs/application/index.php(213): Engine_Application->run()
#9 /var/www/vhosts/tarfee.com/httpdocs/index.php(24): include('/var/www/vhosts...')
#10 {main}
2015-08-24T12:41:08+00:00 DEBUG (7): Trigger Check [2017837514] 
2015-08-24T12:41:08+00:00 DEBUG (7): Trigger Check Failed - Timeout [2017837514] - 1440420068 < 1440420123
2015-08-24T12:41:14+00:00 DEBUG (7): Trigger Check [1284783348] 
2015-08-24T12:41:14+00:00 DEBUG (7): Trigger Check Failed - Timeout [1284783348] - 1440420074 < 1440420123
2015-08-25T12:08:35+00:00 ERR (3): exception 'Exception' with message 'unable to send stats' in /var/www/vhosts/tarfee.com/httpdocs/application/modules/Core/Plugin/Task/Statistics.php:283
Stack trace:
#0 /var/www/vhosts/tarfee.com/httpdocs/application/modules/Core/Model/DbTable/Tasks.php(828): Core_Plugin_Task_Statistics->execute()
#1 /var/www/vhosts/tarfee.com/httpdocs/application/modules/Core/Model/DbTable/Tasks.php(670): Core_Model_DbTable_Tasks->_executeTask(Object(Engine_Db_Table_Row))
#2 /var/www/vhosts/tarfee.com/httpdocs/application/modules/Core/controllers/UtilityController.php(99): Core_Model_DbTable_Tasks->execute(Array)
#3 /var/www/vhosts/tarfee.com/httpdocs/application/libraries/Zend/Controller/Action.php(516): Core_UtilityController->tasksAction()
#4 /var/www/vhosts/tarfee.com/httpdocs/application/libraries/Zend/Controller/Dispatcher/Standard.php(308): Zend_Controller_Action->dispatch('tasksAction')
#5 /var/www/vhosts/tarfee.com/httpdocs/application/libraries/Zend/Controller/Front.php(954): Zend_Controller_Dispatcher_Standard->dispatch(Object(Zend_Controller_Request_Http), Object(Zend_Controller_Response_Http))
#6 /var/www/vhosts/tarfee.com/httpdocs/application/modules/Core/Bootstrap.php(83): Zend_Controller_Front->dispatch()
#7 /var/www/vhosts/tarfee.com/httpdocs/application/libraries/Engine/Application.php(160): Core_Bootstrap->run()
#8 /var/www/vhosts/tarfee.com/httpdocs/application/index.php(213): Engine_Application->run()
#9 /var/www/vhosts/tarfee.com/httpdocs/index.php(24): include('/var/www/vhosts...')
#10 {main}
2015-08-31T14:06:46+00:00 ERR (3): exception 'Exception' with message 'unable to send stats' in /var/www/vhosts/tarfee.com/httpdocs/application/modules/Core/Plugin/Task/Statistics.php:283
Stack trace:
#0 /var/www/vhosts/tarfee.com/httpdocs/application/modules/Core/Model/DbTable/Tasks.php(828): Core_Plugin_Task_Statistics->execute()
#1 /var/www/vhosts/tarfee.com/httpdocs/application/modules/Core/Model/DbTable/Tasks.php(670): Core_Model_DbTable_Tasks->_executeTask(Object(Engine_Db_Table_Row))
#2 /var/www/vhosts/tarfee.com/httpdocs/application/modules/Core/controllers/UtilityController.php(99): Core_Model_DbTable_Tasks->execute(Array)
#3 /var/www/vhosts/tarfee.com/httpdocs/application/libraries/Zend/Controller/Action.php(516): Core_UtilityController->tasksAction()
#4 /var/www/vhosts/tarfee.com/httpdocs/application/libraries/Zend/Controller/Dispatcher/Standard.php(308): Zend_Controller_Action->dispatch('tasksAction')
#5 /var/www/vhosts/tarfee.com/httpdocs/application/libraries/Zend/Controller/Front.php(954): Zend_Controller_Dispatcher_Standard->dispatch(Object(Zend_Controller_Request_Http), Object(Zend_Controller_Response_Http))
#6 /var/www/vhosts/tarfee.com/httpdocs/application/modules/Core/Bootstrap.php(83): Zend_Controller_Front->dispatch()
#7 /var/www/vhosts/tarfee.com/httpdocs/application/libraries/Engine/Application.php(160): Core_Bootstrap->run()
#8 /var/www/vhosts/tarfee.com/httpdocs/application/index.php(213): Engine_Application->run()
#9 /var/www/vhosts/tarfee.com/httpdocs/index.php(24): include('/var/www/vhosts...')
#10 {main}
2015-09-14T16:23:46+00:00 ERR (3): exception 'Exception' with message 'unable to send stats' in /var/www/vhosts/tarfee.com/httpdocs/application/modules/Core/Plugin/Task/Statistics.php:283
Stack trace:
#0 /var/www/vhosts/tarfee.com/httpdocs/application/modules/Core/Model/DbTable/Tasks.php(828): Core_Plugin_Task_Statistics->execute()
#1 /var/www/vhosts/tarfee.com/httpdocs/application/modules/Core/Model/DbTable/Tasks.php(670): Core_Model_DbTable_Tasks->_executeTask(Object(Engine_Db_Table_Row))
#2 /var/www/vhosts/tarfee.com/httpdocs/application/modules/Core/controllers/UtilityController.php(99): Core_Model_DbTable_Tasks->execute(Array)
#3 /var/www/vhosts/tarfee.com/httpdocs/application/libraries/Zend/Controller/Action.php(516): Core_UtilityController->tasksAction()
#4 /var/www/vhosts/tarfee.com/httpdocs/application/libraries/Zend/Controller/Dispatcher/Standard.php(308): Zend_Controller_Action->dispatch('tasksAction')
#5 /var/www/vhosts/tarfee.com/httpdocs/application/libraries/Zend/Controller/Front.php(954): Zend_Controller_Dispatcher_Standard->dispatch(Object(Zend_Controller_Request_Http), Object(Zend_Controller_Response_Http))
#6 /var/www/vhosts/tarfee.com/httpdocs/application/modules/Core/Bootstrap.php(83): Zend_Controller_Front->dispatch()
#7 /var/www/vhosts/tarfee.com/httpdocs/application/libraries/Engine/Application.php(160): Core_Bootstrap->run()
#8 /var/www/vhosts/tarfee.com/httpdocs/application/index.php(213): Engine_Application->run()
#9 /var/www/vhosts/tarfee.com/httpdocs/index.php(24): include('/var/www/vhosts...')
#10 {main}
2015-09-15T02:08:40+00:00 DEBUG (7): Trigger Check [1572428135] 
2015-09-15T02:08:40+00:00 DEBUG (7): Trigger Check Failed - Timeout [1572428135] - 1442282920 < 1442282937
2015-09-15T02:08:48+00:00 DEBUG (7): Trigger Check [1479924214] 
2015-09-15T02:08:48+00:00 DEBUG (7): Trigger Check Failed - Timeout [1479924214] - 1442282928 < 1442282937
2015-09-15T02:09:43+00:00 DEBUG (7): Trigger Check [1742122244] 
2015-09-15T02:09:43+00:00 DEBUG (7): Trigger Pass [1742122244] 
2015-09-15T02:09:44+00:00 DEBUG (7): Execution Check [1372054809] [1742122244] 
2015-09-15T02:09:44+00:00 DEBUG (7): Execution Pass [1372054809] [1742122244] 
2015-09-15T02:09:44+00:00 DEBUG (7): Task Execution Check [1372054809] : Job Queue
2015-09-15T02:09:44+00:00 DEBUG (7): Task Execution Pass [1372054809] : Job Queue
2015-09-15T02:09:44+00:00 DEBUG (7): Job Execution Loop Cancelled - Nothing to do
2015-09-15T02:09:44+00:00 DEBUG (7): Task Execution Complete [1372054809] : Job Queue
2015-09-15T02:09:44+00:00 DEBUG (7): Task Execution Check [1372054809] : Background Mailer
2015-09-15T02:09:44+00:00 DEBUG (7): Task Execution Pass [1372054809] : Background Mailer
2015-09-15T02:09:44+00:00 DEBUG (7): Task Execution Complete [1372054809] : Background Mailer
2015-09-15T02:09:44+00:00 DEBUG (7): Task Execution Check [1372054809] : Cache Prefetch
2015-09-15T02:09:44+00:00 DEBUG (7): Task Execution Pass [1372054809] : Cache Prefetch
2015-09-15T02:09:44+00:00 DEBUG (7): Task Execution Complete [1372054809] : Cache Prefetch
2015-09-15T02:09:44+00:00 DEBUG (7): Task Execution Check [1372054809] : Member Data Maintenance
2015-09-15T02:09:44+00:00 DEBUG (7): Task Execution Pass [1372054809] : Member Data Maintenance
2015-09-15T02:09:44+00:00 DEBUG (7): Task Execution Complete [1372054809] : Member Data Maintenance
2015-09-15T02:09:44+00:00 DEBUG (7): Execution Complete [1372054809] [1742122244]
2015-09-15T02:09:44+00:00 DEBUG (7): Execution Benchmark [1372054809] [1742122244] : 0.064546 seconds
2015-09-15T02:09:44+00:00 DEBUG (7): Trigger Benchmark [1742122244] : 1.214479 seconds
2015-09-15T02:10:22+00:00 DEBUG (7): Trigger Check [716082602] 
2015-09-15T02:10:22+00:00 DEBUG (7): Trigger Check Failed - Timeout [716082602] - 1442283022 < 1442283043
2015-09-15T02:10:23+00:00 DEBUG (7): Trigger Check [864823359] 
2015-09-15T02:10:23+00:00 DEBUG (7): Trigger Check Failed - Timeout [864823359] - 1442283023 < 1442283043
2015-09-15T02:10:24+00:00 DEBUG (7): Trigger Check [1654739318] 
2015-09-15T02:10:24+00:00 DEBUG (7): Trigger Check Failed - Timeout [1654739318] - 1442283024 < 1442283043
2015-09-15T02:10:27+00:00 DEBUG (7): Trigger Check [262447643] 
2015-09-15T02:10:27+00:00 DEBUG (7): Trigger Check Failed - Timeout [262447643] - 1442283027 < 1442283043
2015-09-15T02:11:46+00:00 DEBUG (7): Trigger Check [2082130800] 
2015-09-15T02:11:46+00:00 DEBUG (7): Trigger Pass [2082130800] 
2015-09-15T02:11:47+00:00 DEBUG (7): Execution Check [2056901777] [2082130800] 
2015-09-15T02:11:47+00:00 DEBUG (7): Execution Pass [2056901777] [2082130800] 
2015-09-15T02:11:47+00:00 DEBUG (7): Task Execution Check [2056901777] : Job Queue
2015-09-15T02:11:47+00:00 DEBUG (7): Task Execution Pass [2056901777] : Job Queue
2015-09-15T02:11:47+00:00 DEBUG (7): Job Execution Loop Cancelled - Nothing to do
2015-09-15T02:11:47+00:00 DEBUG (7): Task Execution Complete [2056901777] : Job Queue
2015-09-15T02:11:47+00:00 DEBUG (7): Task Execution Check [2056901777] : Background Mailer
2015-09-15T02:11:47+00:00 DEBUG (7): Task Execution Pass [2056901777] : Background Mailer
2015-09-15T02:11:47+00:00 DEBUG (7): Task Execution Complete [2056901777] : Background Mailer
2015-09-15T02:11:47+00:00 DEBUG (7): Task Execution Check [2056901777] : Member Data Maintenance
2015-09-15T02:11:47+00:00 DEBUG (7): Task Execution Pass [2056901777] : Member Data Maintenance
2015-09-15T02:11:47+00:00 DEBUG (7): Task Execution Complete [2056901777] : Member Data Maintenance
2015-09-15T02:11:47+00:00 DEBUG (7): Execution Complete [2056901777] [2082130800]
2015-09-15T02:11:47+00:00 DEBUG (7): Execution Benchmark [2056901777] [2082130800] : 0.069440 seconds
2015-09-15T02:11:47+00:00 DEBUG (7): Trigger Benchmark [2082130800] : 1.007628 seconds
2015-09-15T02:11:48+00:00 DEBUG (7): Trigger Check [34339226] 
2015-09-15T02:11:48+00:00 DEBUG (7): Trigger Check Failed - Timeout [34339226] - 1442283108 < 1442283166
2015-09-15T02:11:49+00:00 DEBUG (7): Trigger Check [732097137] 
2015-09-15T02:11:49+00:00 DEBUG (7): Trigger Check Failed - Timeout [732097137] - 1442283109 < 1442283166
2015-09-15T02:11:50+00:00 DEBUG (7): Trigger Check [478049809] 
2015-09-15T02:11:50+00:00 DEBUG (7): Trigger Check Failed - Timeout [478049809] - 1442283110 < 1442283166
2015-09-15T02:12:18+00:00 DEBUG (7): Trigger Check [1586105083] 
2015-09-15T02:12:18+00:00 DEBUG (7): Trigger Check Failed - Timeout [1586105083] - 1442283138 < 1442283166
2015-09-15T02:14:24+00:00 DEBUG (7): Trigger Check [2144283782] 
2015-09-15T02:14:24+00:00 DEBUG (7): Trigger Pass [2144283782] 
2015-09-15T02:14:25+00:00 DEBUG (7): Execution Check [1569929602] [2144283782] 
2015-09-15T02:14:25+00:00 DEBUG (7): Execution Pass [1569929602] [2144283782] 
2015-09-15T02:14:25+00:00 DEBUG (7): Task Execution Check [1569929602] : Job Queue
2015-09-15T02:14:25+00:00 DEBUG (7): Task Execution Pass [1569929602] : Job Queue
2015-09-15T02:14:25+00:00 DEBUG (7): Job Execution Loop Cancelled - Nothing to do
2015-09-15T02:14:25+00:00 DEBUG (7): Task Execution Complete [1569929602] : Job Queue
2015-09-15T02:14:25+00:00 DEBUG (7): Task Execution Check [1569929602] : Background Mailer
2015-09-15T02:14:25+00:00 DEBUG (7): Task Execution Pass [1569929602] : Background Mailer
2015-09-15T02:14:25+00:00 DEBUG (7): Task Execution Complete [1569929602] : Background Mailer
2015-09-15T02:14:25+00:00 DEBUG (7): Task Execution Check [1569929602] : Member Data Maintenance
2015-09-15T02:14:25+00:00 DEBUG (7): Task Execution Pass [1569929602] : Member Data Maintenance
2015-09-15T02:14:25+00:00 DEBUG (7): Task Execution Complete [1569929602] : Member Data Maintenance
2015-09-15T02:14:25+00:00 DEBUG (7): Execution Complete [1569929602] [2144283782]
2015-09-15T02:14:25+00:00 DEBUG (7): Execution Benchmark [1569929602] [2144283782] : 0.056494 seconds
2015-09-15T02:14:25+00:00 DEBUG (7): Trigger Benchmark [2144283782] : 1.008447 seconds
2015-09-15T02:15:12+00:00 DEBUG (7): Trigger Check [10730127] 
2015-09-15T02:15:12+00:00 DEBUG (7): Trigger Check Failed - Timeout [10730127] - 1442283312 < 1442283324
2015-09-15T02:17:39+00:00 DEBUG (7): Trigger Check [365886308] 
2015-09-15T02:17:39+00:00 DEBUG (7): Trigger Pass [365886308] 
2015-09-15T02:17:41+00:00 DEBUG (7): Execution Check [797239212] [365886308] 
2015-09-15T02:17:41+00:00 DEBUG (7): Execution Pass [797239212] [365886308] 
2015-09-15T02:17:41+00:00 DEBUG (7): Task Execution Check [797239212] : Job Queue
2015-09-15T02:17:41+00:00 DEBUG (7): Task Execution Pass [797239212] : Job Queue
2015-09-15T02:17:41+00:00 DEBUG (7): Job Execution Loop Cancelled - Nothing to do
2015-09-15T02:17:41+00:00 DEBUG (7): Task Execution Complete [797239212] : Job Queue
2015-09-15T02:17:41+00:00 DEBUG (7): Task Execution Check [797239212] : Background Mailer
2015-09-15T02:17:41+00:00 DEBUG (7): Task Execution Pass [797239212] : Background Mailer
2015-09-15T02:17:41+00:00 DEBUG (7): Task Execution Complete [797239212] : Background Mailer
2015-09-15T02:17:41+00:00 DEBUG (7): Task Execution Check [797239212] : Cache Prefetch
2015-09-15T02:17:41+00:00 DEBUG (7): Task Execution Pass [797239212] : Cache Prefetch
2015-09-15T02:17:41+00:00 DEBUG (7): Task Execution Complete [797239212] : Cache Prefetch
2015-09-15T02:17:41+00:00 DEBUG (7): Task Execution Check [797239212] : Member Data Maintenance
2015-09-15T02:17:41+00:00 DEBUG (7): Task Execution Pass [797239212] : Member Data Maintenance
2015-09-15T02:17:41+00:00 DEBUG (7): Task Execution Complete [797239212] : Member Data Maintenance
2015-09-15T02:17:41+00:00 DEBUG (7): Task Execution Check [797239212] : Social Ads Update Status
2015-09-15T02:17:41+00:00 DEBUG (7): Task Execution Pass [797239212] : Social Ads Update Status
2015-09-15T02:17:41+00:00 DEBUG (7): Task Execution Complete [797239212] : Social Ads Update Status
2015-09-15T02:17:41+00:00 DEBUG (7): Task Execution Check [797239212] : Advanced Event Notification
2015-09-15T02:17:41+00:00 DEBUG (7): Task Execution Pass [797239212] : Advanced Event Notification
2015-09-15T02:17:41+00:00 DEBUG (7): Task Execution Complete [797239212] : Advanced Event Notification
2015-09-15T02:17:41+00:00 DEBUG (7): Execution Complete [797239212] [365886308]
2015-09-15T02:17:41+00:00 DEBUG (7): Execution Benchmark [797239212] [365886308] : 0.138334 seconds
2015-09-15T02:17:41+00:00 DEBUG (7): Trigger Benchmark [365886308] : 2.103743 seconds
2015-09-15T02:19:16+00:00 DEBUG (7): Trigger Check [58249201] 
2015-09-15T02:19:16+00:00 DEBUG (7): Trigger Pass [58249201] 
2015-09-15T02:19:17+00:00 DEBUG (7): Execution Check [1636705955] [58249201] 
2015-09-15T02:19:17+00:00 DEBUG (7): Execution Pass [1636705955] [58249201] 
2015-09-15T02:19:17+00:00 DEBUG (7): Task Execution Check [1636705955] : Job Queue
2015-09-15T02:19:17+00:00 DEBUG (7): Task Execution Pass [1636705955] : Job Queue
2015-09-15T02:19:17+00:00 DEBUG (7): Job Execution Loop Cancelled - Nothing to do
2015-09-15T02:19:17+00:00 DEBUG (7): Task Execution Complete [1636705955] : Job Queue
2015-09-15T02:19:17+00:00 DEBUG (7): Task Execution Check [1636705955] : Background Mailer
2015-09-15T02:19:17+00:00 DEBUG (7): Task Execution Pass [1636705955] : Background Mailer
2015-09-15T02:19:17+00:00 DEBUG (7): Task Execution Complete [1636705955] : Background Mailer
2015-09-15T02:19:17+00:00 DEBUG (7): Task Execution Check [1636705955] : Member Data Maintenance
2015-09-15T02:19:17+00:00 DEBUG (7): Task Execution Pass [1636705955] : Member Data Maintenance
2015-09-15T02:19:17+00:00 DEBUG (7): Task Execution Complete [1636705955] : Member Data Maintenance
2015-09-15T02:19:17+00:00 DEBUG (7): Execution Complete [1636705955] [58249201]
2015-09-15T02:19:17+00:00 DEBUG (7): Execution Benchmark [1636705955] [58249201] : 0.059141 seconds
2015-09-15T02:19:17+00:00 DEBUG (7): Trigger Benchmark [58249201] : 1.206043 seconds
2015-09-15T02:22:02+00:00 DEBUG (7): Trigger Check [1557320077] 
2015-09-15T02:22:02+00:00 DEBUG (7): Trigger Pass [1557320077] 
2015-09-15T02:22:02+00:00 DEBUG (7): Execution Check [195611512] [1557320077] 
2015-09-15T02:22:02+00:00 DEBUG (7): Execution Pass [195611512] [1557320077] 
2015-09-15T02:22:02+00:00 DEBUG (7): Task Execution Check [195611512] : Job Queue
2015-09-15T02:22:02+00:00 DEBUG (7): Task Execution Pass [195611512] : Job Queue
2015-09-15T02:22:03+00:00 DEBUG (7): Job Execution Loop Cancelled - Nothing to do
2015-09-15T02:22:03+00:00 DEBUG (7): Task Execution Complete [195611512] : Job Queue
2015-09-15T02:22:03+00:00 DEBUG (7): Task Execution Check [195611512] : Background Mailer
2015-09-15T02:22:03+00:00 DEBUG (7): Task Execution Pass [195611512] : Background Mailer
2015-09-15T02:22:03+00:00 DEBUG (7): Task Execution Complete [195611512] : Background Mailer
2015-09-15T02:22:03+00:00 DEBUG (7): Task Execution Check [195611512] : Member Data Maintenance
2015-09-15T02:22:03+00:00 DEBUG (7): Task Execution Pass [195611512] : Member Data Maintenance
2015-09-15T02:22:03+00:00 DEBUG (7): Task Execution Complete [195611512] : Member Data Maintenance
2015-09-15T02:22:03+00:00 DEBUG (7): Execution Complete [195611512] [1557320077]
2015-09-15T02:22:03+00:00 DEBUG (7): Execution Benchmark [195611512] [1557320077] : 0.058691 seconds
2015-09-15T02:22:03+00:00 DEBUG (7): Trigger Benchmark [1557320077] : 1.000413 seconds
2015-09-15T02:22:18+00:00 DEBUG (7): Trigger Check [1819805393] 
2015-09-15T02:22:18+00:00 DEBUG (7): Trigger Check Failed - Timeout [1819805393] - 1442283738 < 1442283782
2015-09-15T02:22:21+00:00 DEBUG (7): Trigger Check [1899519007] 
2015-09-15T02:22:21+00:00 DEBUG (7): Trigger Check Failed - Timeout [1899519007] - 1442283741 < 1442283782
2015-09-15T02:22:36+00:00 DEBUG (7): Trigger Check [530809559] 
2015-09-15T02:22:36+00:00 DEBUG (7): Trigger Check Failed - Timeout [530809559] - 1442283756 < 1442283782
2015-09-15T02:22:51+00:00 DEBUG (7): Trigger Check [1538210504] 
2015-09-15T02:22:51+00:00 DEBUG (7): Trigger Check Failed - Timeout [1538210504] - 1442283771 < 1442283782
2015-09-15T02:24:21+00:00 DEBUG (7): Trigger Check [411245119] 
2015-09-15T02:24:21+00:00 DEBUG (7): Trigger Pass [411245119] 
2015-09-15T02:24:22+00:00 DEBUG (7): Execution Check [727635627] [411245119] 
2015-09-15T02:24:22+00:00 DEBUG (7): Execution Pass [727635627] [411245119] 
2015-09-15T02:24:22+00:00 DEBUG (7): Task Execution Check [727635627] : Job Queue
2015-09-15T02:24:22+00:00 DEBUG (7): Task Execution Pass [727635627] : Job Queue
2015-09-15T02:24:22+00:00 DEBUG (7): Job Execution Loop Cancelled - Nothing to do
2015-09-15T02:24:22+00:00 DEBUG (7): Task Execution Complete [727635627] : Job Queue
2015-09-15T02:24:22+00:00 DEBUG (7): Task Execution Check [727635627] : Background Mailer
2015-09-15T02:24:22+00:00 DEBUG (7): Task Execution Pass [727635627] : Background Mailer
2015-09-15T02:24:22+00:00 DEBUG (7): Task Execution Complete [727635627] : Background Mailer
2015-09-15T02:24:22+00:00 DEBUG (7): Task Execution Check [727635627] : Cache Prefetch
2015-09-15T02:24:22+00:00 DEBUG (7): Task Execution Pass [727635627] : Cache Prefetch
2015-09-15T02:24:22+00:00 DEBUG (7): Task Execution Complete [727635627] : Cache Prefetch
2015-09-15T02:24:22+00:00 DEBUG (7): Task Execution Check [727635627] : Member Data Maintenance
2015-09-15T02:24:22+00:00 DEBUG (7): Task Execution Pass [727635627] : Member Data Maintenance
2015-09-15T02:24:22+00:00 DEBUG (7): Task Execution Complete [727635627] : Member Data Maintenance
2015-09-15T02:24:22+00:00 DEBUG (7): Execution Complete [727635627] [411245119]
2015-09-15T02:24:22+00:00 DEBUG (7): Execution Benchmark [727635627] [411245119] : 0.062252 seconds
2015-09-15T02:24:22+00:00 DEBUG (7): Trigger Benchmark [411245119] : 1.006773 seconds
2015-09-15T02:24:37+00:00 DEBUG (7): Trigger Check [1666999082] 
2015-09-15T02:24:37+00:00 DEBUG (7): Trigger Check Failed - Timeout [1666999082] - 1442283877 < 1442283921
2015-09-15T02:25:29+00:00 DEBUG (7): Trigger Check [1110940948] 
2015-09-15T02:25:30+00:00 DEBUG (7): Trigger Pass [1110940948] 
2015-09-15T02:25:30+00:00 DEBUG (7): Execution Check [381159110] [1110940948] 
2015-09-15T02:25:30+00:00 DEBUG (7): Execution Pass [381159110] [1110940948] 
2015-09-15T02:25:30+00:00 DEBUG (7): Task Execution Check [381159110] : Job Queue
2015-09-15T02:25:30+00:00 DEBUG (7): Task Execution Pass [381159110] : Job Queue
2015-09-15T02:25:30+00:00 DEBUG (7): Job Execution Loop Cancelled - Nothing to do
2015-09-15T02:25:30+00:00 DEBUG (7): Task Execution Complete [381159110] : Job Queue
2015-09-15T02:25:30+00:00 DEBUG (7): Task Execution Check [381159110] : Background Mailer
2015-09-15T02:25:30+00:00 DEBUG (7): Task Execution Pass [381159110] : Background Mailer
2015-09-15T02:25:30+00:00 DEBUG (7): Task Execution Complete [381159110] : Background Mailer
2015-09-15T02:25:30+00:00 DEBUG (7): Task Execution Check [381159110] : Member Data Maintenance
2015-09-15T02:25:30+00:00 DEBUG (7): Task Execution Pass [381159110] : Member Data Maintenance
2015-09-15T02:25:30+00:00 DEBUG (7): Task Execution Complete [381159110] : Member Data Maintenance
2015-09-15T02:25:30+00:00 DEBUG (7): Execution Complete [381159110] [1110940948]
2015-09-15T02:25:30+00:00 DEBUG (7): Execution Benchmark [381159110] [1110940948] : 0.054280 seconds
2015-09-15T02:25:31+00:00 DEBUG (7): Trigger Benchmark [1110940948] : 1.003574 seconds
2015-09-15T02:25:33+00:00 DEBUG (7): Trigger Check [1894728257] 
2015-09-15T02:25:33+00:00 DEBUG (7): Trigger Check Failed - Timeout [1894728257] - 1442283933 < 1442283990
2015-09-15T02:26:41+00:00 DEBUG (7): Trigger Check [620544017] 
2015-09-15T02:26:41+00:00 DEBUG (7): Trigger Pass [620544017] 
2015-09-15T02:26:42+00:00 DEBUG (7): Execution Check [342077436] [620544017] 
2015-09-15T02:26:42+00:00 DEBUG (7): Execution Pass [342077436] [620544017] 
2015-09-15T02:26:42+00:00 DEBUG (7): Task Execution Check [342077436] : Job Queue
2015-09-15T02:26:42+00:00 DEBUG (7): Task Execution Pass [342077436] : Job Queue
2015-09-15T02:26:42+00:00 DEBUG (7): Job Execution Loop Cancelled - Nothing to do
2015-09-15T02:26:42+00:00 DEBUG (7): Task Execution Complete [342077436] : Job Queue
2015-09-15T02:26:42+00:00 DEBUG (7): Task Execution Check [342077436] : Background Mailer
2015-09-15T02:26:42+00:00 DEBUG (7): Task Execution Pass [342077436] : Background Mailer
2015-09-15T02:26:42+00:00 DEBUG (7): Task Execution Complete [342077436] : Background Mailer
2015-09-15T02:26:42+00:00 DEBUG (7): Task Execution Check [342077436] : Member Data Maintenance
2015-09-15T02:26:42+00:00 DEBUG (7): Task Execution Pass [342077436] : Member Data Maintenance
2015-09-15T02:26:42+00:00 DEBUG (7): Task Execution Complete [342077436] : Member Data Maintenance
2015-09-15T02:26:42+00:00 DEBUG (7): Execution Complete [342077436] [620544017]
2015-09-15T02:26:42+00:00 DEBUG (7): Execution Benchmark [342077436] [620544017] : 0.054001 seconds
2015-09-15T02:26:42+00:00 DEBUG (7): Trigger Benchmark [620544017] : 1.008712 seconds
2015-09-15T02:30:41+00:00 DEBUG (7): Trigger Check [1002525050] 
2015-09-15T02:30:41+00:00 DEBUG (7): Trigger Pass [1002525050] 
2015-09-15T02:30:42+00:00 DEBUG (7): Execution Check [1071552789] [1002525050] 
2015-09-15T02:30:42+00:00 DEBUG (7): Execution Pass [1071552789] [1002525050] 
2015-09-15T02:30:42+00:00 DEBUG (7): Task Execution Check [1071552789] : Job Queue
2015-09-15T02:30:42+00:00 DEBUG (7): Task Execution Pass [1071552789] : Job Queue
2015-09-15T02:30:42+00:00 DEBUG (7): Job Execution Loop Cancelled - Nothing to do
2015-09-15T02:30:42+00:00 DEBUG (7): Task Execution Complete [1071552789] : Job Queue
2015-09-15T02:30:42+00:00 DEBUG (7): Task Execution Check [1071552789] : Background Mailer
2015-09-15T02:30:42+00:00 DEBUG (7): Task Execution Pass [1071552789] : Background Mailer
2015-09-15T02:30:42+00:00 DEBUG (7): Task Execution Complete [1071552789] : Background Mailer
2015-09-15T02:30:42+00:00 DEBUG (7): Task Execution Check [1071552789] : Cache Prefetch
2015-09-15T02:30:42+00:00 DEBUG (7): Task Execution Pass [1071552789] : Cache Prefetch
2015-09-15T02:30:42+00:00 DEBUG (7): Task Execution Complete [1071552789] : Cache Prefetch
2015-09-15T02:30:42+00:00 DEBUG (7): Task Execution Check [1071552789] : Member Data Maintenance
2015-09-15T02:30:42+00:00 DEBUG (7): Task Execution Pass [1071552789] : Member Data Maintenance
2015-09-15T02:30:42+00:00 DEBUG (7): Task Execution Complete [1071552789] : Member Data Maintenance
2015-09-15T02:30:42+00:00 DEBUG (7): Task Execution Check [1071552789] : Social Ads Update Status
2015-09-15T02:30:42+00:00 DEBUG (7): Task Execution Pass [1071552789] : Social Ads Update Status
2015-09-15T02:30:42+00:00 DEBUG (7): Task Execution Complete [1071552789] : Social Ads Update Status
2015-09-15T02:30:42+00:00 DEBUG (7): Task Execution Check [1071552789] : Advanced Event Notification
2015-09-15T02:30:42+00:00 DEBUG (7): Task Execution Pass [1071552789] : Advanced Event Notification
2015-09-15T02:30:42+00:00 DEBUG (7): Task Execution Complete [1071552789] : Advanced Event Notification
2015-09-15T02:30:42+00:00 DEBUG (7): Execution Complete [1071552789] [1002525050]
2015-09-15T02:30:42+00:00 DEBUG (7): Execution Benchmark [1071552789] [1002525050] : 0.138114 seconds
2015-09-15T02:30:42+00:00 DEBUG (7): Trigger Benchmark [1002525050] : 1.085568 seconds
2015-09-15T02:30:44+00:00 DEBUG (7): Trigger Check [1065364262] 
2015-09-15T02:30:44+00:00 DEBUG (7): Trigger Check Failed - Timeout [1065364262] - 1442284244 < 1442284301
2015-09-15T02:31:14+00:00 DEBUG (7): Trigger Check [1400772522] 
2015-09-15T02:31:14+00:00 DEBUG (7): Trigger Check Failed - Timeout [1400772522] - 1442284274 < 1442284301
2015-09-15T02:31:17+00:00 DEBUG (7): Trigger Check [327475478] 
2015-09-15T02:31:17+00:00 DEBUG (7): Trigger Check Failed - Timeout [327475478] - 1442284277 < 1442284301
2015-09-15T02:31:19+00:00 DEBUG (7): Trigger Check [1192300420] 
2015-09-15T02:31:19+00:00 DEBUG (7): Trigger Check Failed - Timeout [1192300420] - 1442284279 < 1442284301
2015-09-15T02:32:13+00:00 DEBUG (7): Trigger Check [2095937020] 
2015-09-15T02:32:13+00:00 DEBUG (7): Trigger Pass [2095937020] 
2015-09-15T02:32:13+00:00 DEBUG (7): Execution Check [700363735] [2095937020] 
2015-09-15T02:32:13+00:00 DEBUG (7): Execution Pass [700363735] [2095937020] 
2015-09-15T02:32:13+00:00 DEBUG (7): Task Execution Check [700363735] : Job Queue
2015-09-15T02:32:13+00:00 DEBUG (7): Task Execution Pass [700363735] : Job Queue
2015-09-15T02:32:13+00:00 DEBUG (7): Job Execution Loop Cancelled - Nothing to do
2015-09-15T02:32:13+00:00 DEBUG (7): Task Execution Complete [700363735] : Job Queue
2015-09-15T02:32:13+00:00 DEBUG (7): Task Execution Check [700363735] : Background Mailer
2015-09-15T02:32:13+00:00 DEBUG (7): Task Execution Pass [700363735] : Background Mailer
2015-09-15T02:32:13+00:00 DEBUG (7): Task Execution Complete [700363735] : Background Mailer
2015-09-15T02:32:13+00:00 DEBUG (7): Task Execution Check [700363735] : Member Data Maintenance
2015-09-15T02:32:13+00:00 DEBUG (7): Task Execution Pass [700363735] : Member Data Maintenance
2015-09-15T02:32:14+00:00 DEBUG (7): Task Execution Complete [700363735] : Member Data Maintenance
2015-09-15T02:32:14+00:00 DEBUG (7): Execution Complete [700363735] [2095937020]
2015-09-15T02:32:14+00:00 DEBUG (7): Execution Benchmark [700363735] [2095937020] : 0.052948 seconds
2015-09-15T02:32:14+00:00 DEBUG (7): Trigger Benchmark [2095937020] : 0.998519 seconds
2015-09-15T02:32:34+00:00 DEBUG (7): Trigger Check [1782528373] 
2015-09-15T02:32:34+00:00 DEBUG (7): Trigger Check Failed - Timeout [1782528373] - 1442284354 < 1442284393
2015-09-15T02:32:48+00:00 DEBUG (7): Trigger Check [657447151] 
2015-09-15T02:32:48+00:00 DEBUG (7): Trigger Check Failed - Timeout [657447151] - 1442284368 < 1442284393
2015-09-15T02:33:07+00:00 DEBUG (7): Trigger Check [424798910] 
2015-09-15T02:33:07+00:00 DEBUG (7): Trigger Check Failed - Timeout [424798910] - 1442284387 < 1442284393
2015-09-15T02:33:46+00:00 DEBUG (7): Trigger Check [2040166945] 
2015-09-15T02:33:46+00:00 DEBUG (7): Trigger Pass [2040166945] 
2015-09-15T02:33:47+00:00 DEBUG (7): Execution Check [270593201] [2040166945] 
2015-09-15T02:33:47+00:00 DEBUG (7): Execution Pass [270593201] [2040166945] 
2015-09-15T02:33:47+00:00 DEBUG (7): Task Execution Check [270593201] : Job Queue
2015-09-15T02:33:47+00:00 DEBUG (7): Task Execution Pass [270593201] : Job Queue
2015-09-15T02:33:47+00:00 DEBUG (7): Job Execution Loop Cancelled - Nothing to do
2015-09-15T02:33:47+00:00 DEBUG (7): Task Execution Complete [270593201] : Job Queue
2015-09-15T02:33:47+00:00 DEBUG (7): Task Execution Check [270593201] : Background Mailer
2015-09-15T02:33:47+00:00 DEBUG (7): Task Execution Pass [270593201] : Background Mailer
2015-09-15T02:33:47+00:00 DEBUG (7): Task Execution Complete [270593201] : Background Mailer
2015-09-15T02:33:47+00:00 DEBUG (7): Task Execution Check [270593201] : Member Data Maintenance
2015-09-15T02:33:47+00:00 DEBUG (7): Task Execution Pass [270593201] : Member Data Maintenance
2015-09-15T02:33:47+00:00 DEBUG (7): Task Execution Complete [270593201] : Member Data Maintenance
2015-09-15T02:33:47+00:00 DEBUG (7): Execution Complete [270593201] [2040166945]
2015-09-15T02:33:47+00:00 DEBUG (7): Execution Benchmark [270593201] [2040166945] : 0.055769 seconds
2015-09-15T02:33:47+00:00 DEBUG (7): Trigger Benchmark [2040166945] : 0.999099 seconds
2015-09-15T02:34:04+00:00 DEBUG (7): Trigger Check [2070299911] 
2015-09-15T02:34:04+00:00 DEBUG (7): Trigger Check Failed - Timeout [2070299911] - 1442284444 < 1442284486
2015-09-15T02:35:21+00:00 DEBUG (7): Trigger Check [1819163462] 
2015-09-15T02:35:21+00:00 DEBUG (7): Trigger Pass [1819163462] 
2015-09-15T02:35:22+00:00 DEBUG (7): Execution Check [1898208603] [1819163462] 
2015-09-15T02:35:22+00:00 DEBUG (7): Execution Pass [1898208603] [1819163462] 
2015-09-15T02:35:22+00:00 DEBUG (7): Task Execution Check [1898208603] : Job Queue
2015-09-15T02:35:22+00:00 DEBUG (7): Task Execution Pass [1898208603] : Job Queue
2015-09-15T02:35:22+00:00 DEBUG (7): Job Execution Loop Cancelled - Nothing to do
2015-09-15T02:35:22+00:00 DEBUG (7): Task Execution Complete [1898208603] : Job Queue
2015-09-15T02:35:22+00:00 DEBUG (7): Task Execution Check [1898208603] : Background Mailer
2015-09-15T02:35:22+00:00 DEBUG (7): Task Execution Pass [1898208603] : Background Mailer
2015-09-15T02:35:22+00:00 DEBUG (7): Task Execution Complete [1898208603] : Background Mailer
2015-09-15T02:35:22+00:00 DEBUG (7): Task Execution Check [1898208603] : Member Data Maintenance
2015-09-15T02:35:22+00:00 DEBUG (7): Task Execution Pass [1898208603] : Member Data Maintenance
2015-09-15T02:35:22+00:00 DEBUG (7): Task Execution Complete [1898208603] : Member Data Maintenance
2015-09-15T02:35:22+00:00 DEBUG (7): Execution Complete [1898208603] [1819163462]
2015-09-15T02:35:22+00:00 DEBUG (7): Execution Benchmark [1898208603] [1819163462] : 0.056858 seconds
2015-09-15T02:35:22+00:00 DEBUG (7): Trigger Benchmark [1819163462] : 0.999788 seconds
2015-09-15T02:35:34+00:00 DEBUG (7): Trigger Check [1245613769] 
2015-09-15T02:35:34+00:00 DEBUG (7): Trigger Check Failed - Timeout [1245613769] - 1442284534 < 1442284581
2015-09-15T02:36:21+00:00 DEBUG (7): Trigger Check [1919412133] 
2015-09-15T02:36:21+00:00 DEBUG (7): Trigger Pass [1919412133] 
2015-09-15T02:36:22+00:00 DEBUG (7): Execution Check [1384281929] [1919412133] 
2015-09-15T02:36:22+00:00 DEBUG (7): Execution Pass [1384281929] [1919412133] 
2015-09-15T02:36:22+00:00 DEBUG (7): Task Execution Check [1384281929] : Job Queue
2015-09-15T02:36:22+00:00 DEBUG (7): Task Execution Pass [1384281929] : Job Queue
2015-09-15T02:36:22+00:00 DEBUG (7): Job Execution Loop Cancelled - Nothing to do
2015-09-15T02:36:22+00:00 DEBUG (7): Task Execution Complete [1384281929] : Job Queue
2015-09-15T02:36:22+00:00 DEBUG (7): Task Execution Check [1384281929] : Background Mailer
2015-09-15T02:36:22+00:00 DEBUG (7): Task Execution Pass [1384281929] : Background Mailer
2015-09-15T02:36:22+00:00 DEBUG (7): Task Execution Complete [1384281929] : Background Mailer
2015-09-15T02:36:22+00:00 DEBUG (7): Task Execution Check [1384281929] : Cache Prefetch
2015-09-15T02:36:22+00:00 DEBUG (7): Task Execution Pass [1384281929] : Cache Prefetch
2015-09-15T02:36:22+00:00 DEBUG (7): Task Execution Complete [1384281929] : Cache Prefetch
2015-09-15T02:36:22+00:00 DEBUG (7): Task Execution Check [1384281929] : Member Data Maintenance
2015-09-15T02:36:22+00:00 DEBUG (7): Task Execution Pass [1384281929] : Member Data Maintenance
2015-09-15T02:36:22+00:00 DEBUG (7): Task Execution Complete [1384281929] : Member Data Maintenance
2015-09-15T02:36:22+00:00 DEBUG (7): Execution Complete [1384281929] [1919412133]
2015-09-15T02:36:22+00:00 DEBUG (7): Execution Benchmark [1384281929] [1919412133] : 0.060740 seconds
2015-09-15T02:36:22+00:00 DEBUG (7): Trigger Benchmark [1919412133] : 1.210344 seconds
2015-09-15T02:37:59+00:00 DEBUG (7): Trigger Check [1048658974] 
2015-09-15T02:37:59+00:00 DEBUG (7): Trigger Pass [1048658974] 
2015-09-15T02:38:00+00:00 DEBUG (7): Execution Check [111751846] [1048658974] 
2015-09-15T02:38:00+00:00 DEBUG (7): Execution Pass [111751846] [1048658974] 
2015-09-15T02:38:00+00:00 DEBUG (7): Task Execution Check [111751846] : Job Queue
2015-09-15T02:38:00+00:00 DEBUG (7): Task Execution Pass [111751846] : Job Queue
2015-09-15T02:38:00+00:00 DEBUG (7): Job Execution Loop Cancelled - Nothing to do
2015-09-15T02:38:00+00:00 DEBUG (7): Task Execution Complete [111751846] : Job Queue
2015-09-15T02:38:00+00:00 DEBUG (7): Task Execution Check [111751846] : Background Mailer
2015-09-15T02:38:00+00:00 DEBUG (7): Task Execution Pass [111751846] : Background Mailer
2015-09-15T02:38:00+00:00 DEBUG (7): Task Execution Complete [111751846] : Background Mailer
2015-09-15T02:38:00+00:00 DEBUG (7): Task Execution Check [111751846] : Member Data Maintenance
2015-09-15T02:38:00+00:00 DEBUG (7): Task Execution Pass [111751846] : Member Data Maintenance
2015-09-15T02:38:00+00:00 DEBUG (7): Task Execution Complete [111751846] : Member Data Maintenance
2015-09-15T02:38:00+00:00 DEBUG (7): Execution Complete [111751846] [1048658974]
2015-09-15T02:38:00+00:00 DEBUG (7): Execution Benchmark [111751846] [1048658974] : 0.058079 seconds
2015-09-15T02:38:00+00:00 DEBUG (7): Trigger Benchmark [1048658974] : 1.013225 seconds
2015-09-15T02:38:03+00:00 DEBUG (7): Trigger Check [1496347232] 
2015-09-15T02:38:03+00:00 DEBUG (7): Trigger Check Failed - Timeout [1496347232] - 1442284683 < 1442284739
2015-09-15T02:38:39+00:00 DEBUG (7): Trigger Check [963331308] 
2015-09-15T02:38:39+00:00 DEBUG (7): Trigger Check Failed - Timeout [963331308] - 1442284719 < 1442284739
2015-09-15T02:39:51+00:00 DEBUG (7): Trigger Check [1939784053] 
2015-09-15T02:39:51+00:00 DEBUG (7): Trigger Pass [1939784053] 
2015-09-15T02:39:52+00:00 DEBUG (7): Execution Check [1406954050] [1939784053] 
2015-09-15T02:39:52+00:00 DEBUG (7): Execution Pass [1406954050] [1939784053] 
2015-09-15T02:39:52+00:00 DEBUG (7): Task Execution Check [1406954050] : Job Queue
2015-09-15T02:39:52+00:00 DEBUG (7): Task Execution Pass [1406954050] : Job Queue
2015-09-15T02:39:52+00:00 DEBUG (7): Job Execution Loop Cancelled - Nothing to do
2015-09-15T02:39:52+00:00 DEBUG (7): Task Execution Complete [1406954050] : Job Queue
2015-09-15T02:39:52+00:00 DEBUG (7): Task Execution Check [1406954050] : Background Mailer
2015-09-15T02:39:52+00:00 DEBUG (7): Task Execution Pass [1406954050] : Background Mailer
2015-09-15T02:39:52+00:00 DEBUG (7): Task Execution Complete [1406954050] : Background Mailer
2015-09-15T02:39:52+00:00 DEBUG (7): Task Execution Check [1406954050] : Member Data Maintenance
2015-09-15T02:39:52+00:00 DEBUG (7): Task Execution Pass [1406954050] : Member Data Maintenance
2015-09-15T02:39:52+00:00 DEBUG (7): Task Execution Complete [1406954050] : Member Data Maintenance
2015-09-15T02:39:52+00:00 DEBUG (7): Execution Complete [1406954050] [1939784053]
2015-09-15T02:39:52+00:00 DEBUG (7): Execution Benchmark [1406954050] [1939784053] : 0.056663 seconds
2015-09-15T02:39:52+00:00 DEBUG (7): Trigger Benchmark [1939784053] : 1.010470 seconds
2015-09-15T02:41:27+00:00 DEBUG (7): Trigger Check [1535042686] 
2015-09-15T02:41:27+00:00 DEBUG (7): Trigger Pass [1535042686] 
2015-09-15T02:41:28+00:00 DEBUG (7): Execution Check [331097331] [1535042686] 
2015-09-15T02:41:28+00:00 DEBUG (7): Execution Pass [331097331] [1535042686] 
2015-09-15T02:41:28+00:00 DEBUG (7): Task Execution Check [331097331] : Job Queue
2015-09-15T02:41:28+00:00 DEBUG (7): Task Execution Pass [331097331] : Job Queue
2015-09-15T02:41:28+00:00 DEBUG (7): Job Execution Loop Cancelled - Nothing to do
2015-09-15T02:41:28+00:00 DEBUG (7): Task Execution Complete [331097331] : Job Queue
2015-09-15T02:41:28+00:00 DEBUG (7): Task Execution Check [331097331] : Background Mailer
2015-09-15T02:41:28+00:00 DEBUG (7): Task Execution Pass [331097331] : Background Mailer
2015-09-15T02:41:28+00:00 DEBUG (7): Task Execution Complete [331097331] : Background Mailer
2015-09-15T02:41:28+00:00 DEBUG (7): Task Execution Check [331097331] : Cache Prefetch
2015-09-15T02:41:28+00:00 DEBUG (7): Task Execution Pass [331097331] : Cache Prefetch
2015-09-15T02:41:28+00:00 DEBUG (7): Task Execution Complete [331097331] : Cache Prefetch
2015-09-15T02:41:28+00:00 DEBUG (7): Task Execution Check [331097331] : Member Data Maintenance
2015-09-15T02:41:28+00:00 DEBUG (7): Task Execution Pass [331097331] : Member Data Maintenance
2015-09-15T02:41:28+00:00 DEBUG (7): Task Execution Complete [331097331] : Member Data Maintenance
2015-09-15T02:41:28+00:00 DEBUG (7): Task Execution Check [331097331] : Social Ads Update Status
2015-09-15T02:41:28+00:00 DEBUG (7): Task Execution Pass [331097331] : Social Ads Update Status
2015-09-15T02:41:28+00:00 DEBUG (7): Task Execution Complete [331097331] : Social Ads Update Status
2015-09-15T02:41:28+00:00 DEBUG (7): Task Execution Check [331097331] : Advanced Event Notification
2015-09-15T02:41:28+00:00 DEBUG (7): Task Execution Pass [331097331] : Advanced Event Notification
2015-09-15T02:41:28+00:00 DEBUG (7): Task Execution Complete [331097331] : Advanced Event Notification
2015-09-15T02:41:28+00:00 DEBUG (7): Execution Complete [331097331] [1535042686]
2015-09-15T02:41:28+00:00 DEBUG (7): Execution Benchmark [331097331] [1535042686] : 0.139486 seconds
2015-09-15T02:41:28+00:00 DEBUG (7): Trigger Benchmark [1535042686] : 1.086776 seconds
2015-09-15T02:41:50+00:00 DEBUG (7): Trigger Check [2132869737] 
2015-09-15T02:41:50+00:00 DEBUG (7): Trigger Check Failed - Timeout [2132869737] - 1442284910 < 1442284947
2015-09-15T02:46:55+00:00 DEBUG (7): Trigger Check [1611993697] 
2015-09-15T02:46:55+00:00 DEBUG (7): Trigger Pass [1611993697] 
2015-09-15T02:46:56+00:00 DEBUG (7): Execution Check [1538145204] [1611993697] 
2015-09-15T02:46:56+00:00 DEBUG (7): Execution Pass [1538145204] [1611993697] 
2015-09-15T02:46:56+00:00 DEBUG (7): Task Execution Check [1538145204] : Job Queue
2015-09-15T02:46:56+00:00 DEBUG (7): Task Execution Pass [1538145204] : Job Queue
2015-09-15T02:46:56+00:00 DEBUG (7): Job Execution Loop Cancelled - Nothing to do
2015-09-15T02:46:56+00:00 DEBUG (7): Task Execution Complete [1538145204] : Job Queue
2015-09-15T02:46:56+00:00 DEBUG (7): Task Execution Check [1538145204] : Background Mailer
2015-09-15T02:46:56+00:00 DEBUG (7): Task Execution Pass [1538145204] : Background Mailer
2015-09-15T02:46:56+00:00 DEBUG (7): Task Execution Complete [1538145204] : Background Mailer
2015-09-15T02:46:56+00:00 DEBUG (7): Task Execution Check [1538145204] : Cache Prefetch
2015-09-15T02:46:56+00:00 DEBUG (7): Task Execution Pass [1538145204] : Cache Prefetch
2015-09-15T02:46:56+00:00 DEBUG (7): Task Execution Complete [1538145204] : Cache Prefetch
2015-09-15T02:46:56+00:00 DEBUG (7): Task Execution Check [1538145204] : Member Data Maintenance
2015-09-15T02:46:56+00:00 DEBUG (7): Task Execution Pass [1538145204] : Member Data Maintenance
2015-09-15T02:46:56+00:00 DEBUG (7): Task Execution Complete [1538145204] : Member Data Maintenance
2015-09-15T02:46:56+00:00 DEBUG (7): Execution Complete [1538145204] [1611993697]
2015-09-15T02:46:56+00:00 DEBUG (7): Execution Benchmark [1538145204] [1611993697] : 0.063729 seconds
2015-09-15T02:46:56+00:00 DEBUG (7): Trigger Benchmark [1611993697] : 1.007965 seconds
2015-09-15T02:58:16+00:00 DEBUG (7): Trigger Check [503456172] 
2015-09-15T02:58:16+00:00 DEBUG (7): Trigger Pass [503456172] 
2015-09-15T02:58:17+00:00 DEBUG (7): Execution Check [1439352632] [503456172] 
2015-09-15T02:58:17+00:00 DEBUG (7): Execution Pass [1439352632] [503456172] 
2015-09-15T02:58:17+00:00 DEBUG (7): Task Execution Check [1439352632] : Job Queue
2015-09-15T02:58:17+00:00 DEBUG (7): Task Execution Pass [1439352632] : Job Queue
2015-09-15T02:58:17+00:00 DEBUG (7): Job Execution Loop Cancelled - Nothing to do
2015-09-15T02:58:17+00:00 DEBUG (7): Task Execution Complete [1439352632] : Job Queue
2015-09-15T02:58:17+00:00 DEBUG (7): Task Execution Check [1439352632] : Background Mailer
2015-09-15T02:58:17+00:00 DEBUG (7): Task Execution Pass [1439352632] : Background Mailer
2015-09-15T02:58:17+00:00 DEBUG (7): Task Execution Complete [1439352632] : Background Mailer
2015-09-15T02:58:17+00:00 DEBUG (7): Task Execution Check [1439352632] : Cache Prefetch
2015-09-15T02:58:17+00:00 DEBUG (7): Task Execution Pass [1439352632] : Cache Prefetch
2015-09-15T02:58:17+00:00 DEBUG (7): Task Execution Complete [1439352632] : Cache Prefetch
2015-09-15T02:58:17+00:00 DEBUG (7): Task Execution Check [1439352632] : Member Data Maintenance
2015-09-15T02:58:17+00:00 DEBUG (7): Task Execution Pass [1439352632] : Member Data Maintenance
2015-09-15T02:58:17+00:00 DEBUG (7): Task Execution Complete [1439352632] : Member Data Maintenance
2015-09-15T02:58:17+00:00 DEBUG (7): Task Execution Check [1439352632] : Social Ads Update Status
2015-09-15T02:58:17+00:00 DEBUG (7): Task Execution Pass [1439352632] : Social Ads Update Status
2015-09-15T02:58:17+00:00 DEBUG (7): Task Execution Complete [1439352632] : Social Ads Update Status
2015-09-15T02:58:17+00:00 DEBUG (7): Task Execution Check [1439352632] : Advanced Event Notification
2015-09-15T02:58:17+00:00 DEBUG (7): Task Execution Pass [1439352632] : Advanced Event Notification
2015-09-15T02:58:17+00:00 DEBUG (7): Task Execution Complete [1439352632] : Advanced Event Notification
2015-09-15T02:58:17+00:00 DEBUG (7): Execution Complete [1439352632] [503456172]
2015-09-15T02:58:17+00:00 DEBUG (7): Execution Benchmark [1439352632] [503456172] : 0.135802 seconds
2015-09-15T02:58:17+00:00 DEBUG (7): Trigger Benchmark [503456172] : 1.087733 seconds
2015-09-15T02:58:49+00:00 DEBUG (7): Trigger Check [2006767507] 
2015-09-15T02:58:49+00:00 DEBUG (7): Trigger Check Failed - Timeout [2006767507] - 1442285929 < 1442285956
2015-09-15T02:59:31+00:00 DEBUG (7): Trigger Check [1636068302] 
2015-09-15T02:59:31+00:00 DEBUG (7): Trigger Pass [1636068302] 
2015-09-15T02:59:31+00:00 DEBUG (7): Execution Check [1066981253] [1636068302] 
2015-09-15T02:59:31+00:00 DEBUG (7): Execution Pass [1066981253] [1636068302] 
2015-09-15T02:59:32+00:00 DEBUG (7): Task Execution Check [1066981253] : Job Queue
2015-09-15T02:59:32+00:00 DEBUG (7): Task Execution Pass [1066981253] : Job Queue
2015-09-15T02:59:32+00:00 DEBUG (7): Job Execution Loop Cancelled - Nothing to do
2015-09-15T02:59:32+00:00 DEBUG (7): Task Execution Complete [1066981253] : Job Queue
2015-09-15T02:59:32+00:00 DEBUG (7): Task Execution Check [1066981253] : Background Mailer
2015-09-15T02:59:32+00:00 DEBUG (7): Task Execution Pass [1066981253] : Background Mailer
2015-09-15T02:59:32+00:00 DEBUG (7): Task Execution Complete [1066981253] : Background Mailer
2015-09-15T02:59:32+00:00 DEBUG (7): Task Execution Check [1066981253] : Member Data Maintenance
2015-09-15T02:59:32+00:00 DEBUG (7): Task Execution Pass [1066981253] : Member Data Maintenance
2015-09-15T02:59:32+00:00 DEBUG (7): Task Execution Complete [1066981253] : Member Data Maintenance
2015-09-15T02:59:32+00:00 DEBUG (7): Execution Complete [1066981253] [1636068302]
2015-09-15T02:59:32+00:00 DEBUG (7): Execution Benchmark [1066981253] [1636068302] : 0.052224 seconds
2015-09-15T02:59:32+00:00 DEBUG (7): Trigger Benchmark [1636068302] : 0.999945 seconds
2015-09-15T03:00:12+00:00 DEBUG (7): Trigger Check [773625350] 
2015-09-15T03:00:12+00:00 DEBUG (7): Trigger Check Failed - Timeout [773625350] - 1442286012 < 1442286031
2015-09-15T03:00:14+00:00 DEBUG (7): Trigger Check [97320103] 
2015-09-15T03:00:14+00:00 DEBUG (7): Trigger Check Failed - Timeout [97320103] - 1442286014 < 1442286031
2015-09-15T03:00:20+00:00 DEBUG (7): Trigger Check [478103487] 
2015-09-15T03:00:20+00:00 DEBUG (7): Trigger Check Failed - Timeout [478103487] - 1442286020 < 1442286031
2015-09-15T03:01:59+00:00 DEBUG (7): Trigger Check [1828475050] 
2015-09-15T03:01:59+00:00 DEBUG (7): Trigger Pass [1828475050] 
2015-09-15T03:02:00+00:00 DEBUG (7): Execution Check [1349166347] [1828475050] 
2015-09-15T03:02:00+00:00 DEBUG (7): Execution Pass [1349166347] [1828475050] 
2015-09-15T03:02:00+00:00 DEBUG (7): Task Execution Check [1349166347] : Job Queue
2015-09-15T03:02:00+00:00 DEBUG (7): Task Execution Pass [1349166347] : Job Queue
2015-09-15T03:02:00+00:00 DEBUG (7): Job Execution Loop Cancelled - Nothing to do
2015-09-15T03:02:00+00:00 DEBUG (7): Task Execution Complete [1349166347] : Job Queue
2015-09-15T03:02:00+00:00 DEBUG (7): Task Execution Check [1349166347] : Background Mailer
2015-09-15T03:02:00+00:00 DEBUG (7): Task Execution Pass [1349166347] : Background Mailer
2015-09-15T03:02:00+00:00 DEBUG (7): Task Execution Complete [1349166347] : Background Mailer
2015-09-15T03:02:00+00:00 DEBUG (7): Task Execution Check [1349166347] : Member Data Maintenance
2015-09-15T03:02:00+00:00 DEBUG (7): Task Execution Pass [1349166347] : Member Data Maintenance
2015-09-15T03:02:00+00:00 DEBUG (7): Task Execution Complete [1349166347] : Member Data Maintenance
2015-09-15T03:02:00+00:00 DEBUG (7): Execution Complete [1349166347] [1828475050]
2015-09-15T03:02:00+00:00 DEBUG (7): Execution Benchmark [1349166347] [1828475050] : 0.059252 seconds
2015-09-15T03:02:00+00:00 DEBUG (7): Trigger Benchmark [1828475050] : 1.017311 seconds
2015-09-15T03:02:40+00:00 DEBUG (7): Trigger Check [1910272998] 
2015-09-15T03:02:40+00:00 DEBUG (7): Trigger Check Failed - Timeout [1910272998] - 1442286160 < 1442286179
2015-09-15T03:03:05+00:00 DEBUG (7): Trigger Check [1611507606] 
2015-09-15T03:03:05+00:00 DEBUG (7): Trigger Pass [1611507606] 
2015-09-15T03:03:06+00:00 DEBUG (7): Execution Check [1889258416] [1611507606] 
2015-09-15T03:03:06+00:00 DEBUG (7): Execution Pass [1889258416] [1611507606] 
2015-09-15T03:03:06+00:00 DEBUG (7): Task Execution Check [1889258416] : Job Queue
2015-09-15T03:03:06+00:00 DEBUG (7): Task Execution Pass [1889258416] : Job Queue
2015-09-15T03:03:06+00:00 DEBUG (7): Job Execution Loop Cancelled - Nothing to do
2015-09-15T03:03:06+00:00 DEBUG (7): Task Execution Complete [1889258416] : Job Queue
2015-09-15T03:03:06+00:00 DEBUG (7): Task Execution Check [1889258416] : Background Mailer
2015-09-15T03:03:06+00:00 DEBUG (7): Task Execution Pass [1889258416] : Background Mailer
2015-09-15T03:03:06+00:00 DEBUG (7): Task Execution Complete [1889258416] : Background Mailer
2015-09-15T03:03:06+00:00 DEBUG (7): Task Execution Check [1889258416] : Member Data Maintenance
2015-09-15T03:03:06+00:00 DEBUG (7): Task Execution Pass [1889258416] : Member Data Maintenance
2015-09-15T03:03:06+00:00 DEBUG (7): Task Execution Complete [1889258416] : Member Data Maintenance
2015-09-15T03:03:06+00:00 DEBUG (7): Execution Complete [1889258416] [1611507606]
2015-09-15T03:03:06+00:00 DEBUG (7): Execution Benchmark [1889258416] [1611507606] : 0.059788 seconds
2015-09-15T03:03:06+00:00 DEBUG (7): Trigger Benchmark [1611507606] : 1.004001 seconds
2015-09-15T03:04:13+00:00 DEBUG (7): Trigger Check [1336738112] 
2015-09-15T03:04:13+00:00 DEBUG (7): Trigger Pass [1336738112] 
2015-09-15T03:04:14+00:00 DEBUG (7): Execution Check [356735326] [1336738112] 
2015-09-15T03:04:14+00:00 DEBUG (7): Execution Pass [356735326] [1336738112] 
2015-09-15T03:04:14+00:00 DEBUG (7): Task Execution Check [356735326] : Job Queue
2015-09-15T03:04:14+00:00 DEBUG (7): Task Execution Pass [356735326] : Job Queue
2015-09-15T03:04:14+00:00 DEBUG (7): Job Execution Loop Cancelled - Nothing to do
2015-09-15T03:04:14+00:00 DEBUG (7): Task Execution Complete [356735326] : Job Queue
2015-09-15T03:04:14+00:00 DEBUG (7): Task Execution Check [356735326] : Background Mailer
2015-09-15T03:04:14+00:00 DEBUG (7): Task Execution Pass [356735326] : Background Mailer
2015-09-15T03:04:14+00:00 DEBUG (7): Task Execution Complete [356735326] : Background Mailer
2015-09-15T03:04:14+00:00 DEBUG (7): Task Execution Check [356735326] : Cache Prefetch
2015-09-15T03:04:14+00:00 DEBUG (7): Task Execution Pass [356735326] : Cache Prefetch
2015-09-15T03:04:14+00:00 DEBUG (7): Task Execution Complete [356735326] : Cache Prefetch
2015-09-15T03:04:14+00:00 DEBUG (7): Task Execution Check [356735326] : Member Data Maintenance
2015-09-15T03:04:14+00:00 DEBUG (7): Task Execution Pass [356735326] : Member Data Maintenance
2015-09-15T03:04:14+00:00 DEBUG (7): Task Execution Complete [356735326] : Member Data Maintenance
2015-09-15T03:04:14+00:00 DEBUG (7): Task Execution Check [356735326] : Video Upload Channel
2015-09-15T03:04:14+00:00 DEBUG (7): Task Execution Pass [356735326] : Video Upload Channel
2015-09-15T03:04:14+00:00 DEBUG (7): Task Execution Complete [356735326] : Video Upload Channel
2015-09-15T03:04:14+00:00 DEBUG (7): Execution Complete [356735326] [1336738112]
2015-09-15T03:04:14+00:00 DEBUG (7): Execution Benchmark [356735326] [1336738112] : 0.099325 seconds
2015-09-15T03:04:14+00:00 DEBUG (7): Trigger Benchmark [1336738112] : 1.243341 seconds
2015-09-15T03:04:46+00:00 DEBUG (7): Trigger Check [2061882799] 
2015-09-15T03:04:46+00:00 DEBUG (7): Trigger Check Failed - Timeout [2061882799] - 1442286286 < 1442286313
2015-09-15T03:05:22+00:00 DEBUG (7): Trigger Check [975362379] 
2015-09-15T03:05:22+00:00 DEBUG (7): Trigger Pass [975362379] 
2015-09-15T03:05:23+00:00 DEBUG (7): Execution Check [1674659574] [975362379] 
2015-09-15T03:05:23+00:00 DEBUG (7): Execution Pass [1674659574] [975362379] 
2015-09-15T03:05:23+00:00 DEBUG (7): Task Execution Check [1674659574] : Job Queue
2015-09-15T03:05:23+00:00 DEBUG (7): Task Execution Pass [1674659574] : Job Queue
2015-09-15T03:05:23+00:00 DEBUG (7): Job Execution Loop Cancelled - Nothing to do
2015-09-15T03:05:23+00:00 DEBUG (7): Task Execution Complete [1674659574] : Job Queue
2015-09-15T03:05:23+00:00 DEBUG (7): Task Execution Check [1674659574] : Background Mailer
2015-09-15T03:05:23+00:00 DEBUG (7): Task Execution Pass [1674659574] : Background Mailer
2015-09-15T03:05:23+00:00 DEBUG (7): Task Execution Complete [1674659574] : Background Mailer
2015-09-15T03:05:23+00:00 DEBUG (7): Task Execution Check [1674659574] : Member Data Maintenance
2015-09-15T03:05:23+00:00 DEBUG (7): Task Execution Pass [1674659574] : Member Data Maintenance
2015-09-15T03:05:23+00:00 DEBUG (7): Task Execution Complete [1674659574] : Member Data Maintenance
2015-09-15T03:05:23+00:00 DEBUG (7): Execution Complete [1674659574] [975362379]
2015-09-15T03:05:23+00:00 DEBUG (7): Execution Benchmark [1674659574] [975362379] : 0.051320 seconds
2015-09-15T03:05:23+00:00 DEBUG (7): Trigger Benchmark [975362379] : 1.188018 seconds
2015-09-15T03:05:56+00:00 DEBUG (7): Trigger Check [1696215695] 
2015-09-15T03:05:56+00:00 DEBUG (7): Trigger Check Failed - Timeout [1696215695] - 1442286356 < 1442286382
2015-09-15T03:06:55+00:00 DEBUG (7): Trigger Check [1734591137] 
2015-09-15T03:06:55+00:00 DEBUG (7): Trigger Pass [1734591137] 
2015-09-15T03:06:56+00:00 DEBUG (7): Execution Check [610786737] [1734591137] 
2015-09-15T03:06:56+00:00 DEBUG (7): Execution Pass [610786737] [1734591137] 
2015-09-15T03:06:56+00:00 DEBUG (7): Task Execution Check [610786737] : Job Queue
2015-09-15T03:06:56+00:00 DEBUG (7): Task Execution Pass [610786737] : Job Queue
2015-09-15T03:06:56+00:00 DEBUG (7): Job Execution Loop Cancelled - Nothing to do
2015-09-15T03:06:56+00:00 DEBUG (7): Task Execution Complete [610786737] : Job Queue
2015-09-15T03:06:56+00:00 DEBUG (7): Task Execution Check [610786737] : Background Mailer
2015-09-15T03:06:56+00:00 DEBUG (7): Task Execution Pass [610786737] : Background Mailer
2015-09-15T03:06:56+00:00 DEBUG (7): Task Execution Complete [610786737] : Background Mailer
2015-09-15T03:06:56+00:00 DEBUG (7): Task Execution Check [610786737] : Member Data Maintenance
2015-09-15T03:06:56+00:00 DEBUG (7): Task Execution Pass [610786737] : Member Data Maintenance
2015-09-15T03:06:56+00:00 DEBUG (7): Task Execution Complete [610786737] : Member Data Maintenance
2015-09-15T03:06:56+00:00 DEBUG (7): Execution Complete [610786737] [1734591137]
2015-09-15T03:06:56+00:00 DEBUG (7): Execution Benchmark [610786737] [1734591137] : 0.057104 seconds
2015-09-15T03:06:56+00:00 DEBUG (7): Trigger Benchmark [1734591137] : 1.197677 seconds
2015-09-15T03:09:40+00:00 DEBUG (7): Trigger Check [1899381919] 
2015-09-15T03:09:40+00:00 DEBUG (7): Trigger Pass [1899381919] 
2015-09-15T03:09:42+00:00 DEBUG (7): Execution Check [1837758795] [1899381919] 
2015-09-15T03:09:42+00:00 DEBUG (7): Execution Pass [1837758795] [1899381919] 
2015-09-15T03:09:42+00:00 DEBUG (7): Task Execution Check [1837758795] : Job Queue
2015-09-15T03:09:42+00:00 DEBUG (7): Task Execution Pass [1837758795] : Job Queue
2015-09-15T03:09:42+00:00 DEBUG (7): Job Execution Loop Cancelled - Nothing to do
2015-09-15T03:09:42+00:00 DEBUG (7): Task Execution Complete [1837758795] : Job Queue
2015-09-15T03:09:42+00:00 DEBUG (7): Task Execution Check [1837758795] : Background Mailer
2015-09-15T03:09:42+00:00 DEBUG (7): Task Execution Pass [1837758795] : Background Mailer
2015-09-15T03:09:42+00:00 DEBUG (7): Task Execution Complete [1837758795] : Background Mailer
2015-09-15T03:09:42+00:00 DEBUG (7): Task Execution Check [1837758795] : Cache Prefetch
2015-09-15T03:09:42+00:00 DEBUG (7): Task Execution Pass [1837758795] : Cache Prefetch
2015-09-15T03:09:42+00:00 DEBUG (7): Task Execution Complete [1837758795] : Cache Prefetch
2015-09-15T03:09:42+00:00 DEBUG (7): Task Execution Check [1837758795] : Member Data Maintenance
2015-09-15T03:09:42+00:00 DEBUG (7): Task Execution Pass [1837758795] : Member Data Maintenance
2015-09-15T03:09:42+00:00 DEBUG (7): Task Execution Complete [1837758795] : Member Data Maintenance
2015-09-15T03:09:42+00:00 DEBUG (7): Task Execution Check [1837758795] : Social Ads Update Status
2015-09-15T03:09:42+00:00 DEBUG (7): Task Execution Pass [1837758795] : Social Ads Update Status
2015-09-15T03:09:42+00:00 DEBUG (7): Task Execution Complete [1837758795] : Social Ads Update Status
2015-09-15T03:09:42+00:00 DEBUG (7): Task Execution Check [1837758795] : Advanced Event Notification
2015-09-15T03:09:42+00:00 DEBUG (7): Task Execution Pass [1837758795] : Advanced Event Notification
2015-09-15T03:09:42+00:00 DEBUG (7): Task Execution Complete [1837758795] : Advanced Event Notification
2015-09-15T03:09:42+00:00 DEBUG (7): Execution Complete [1837758795] [1899381919]
2015-09-15T03:09:42+00:00 DEBUG (7): Execution Benchmark [1837758795] [1899381919] : 0.135356 seconds
2015-09-15T03:09:42+00:00 DEBUG (7): Trigger Benchmark [1899381919] : 1.272323 seconds
2015-09-15T03:10:11+00:00 DEBUG (7): Trigger Check [2080145212] 
2015-09-15T03:10:11+00:00 DEBUG (7): Trigger Check Failed - Timeout [2080145212] - 1442286611 < 1442286640
2015-09-15T03:10:35+00:00 DEBUG (7): Trigger Check [384492672] 
2015-09-15T03:10:35+00:00 DEBUG (7): Trigger Check Failed - Timeout [384492672] - 1442286635 < 1442286640
2015-09-15T03:10:45+00:00 DEBUG (7): Trigger Check [1370327790] 
2015-09-15T03:10:45+00:00 DEBUG (7): Trigger Pass [1370327790] 
2015-09-15T03:10:46+00:00 DEBUG (7): Execution Check [588537634] [1370327790] 
2015-09-15T03:10:46+00:00 DEBUG (7): Execution Pass [588537634] [1370327790] 
2015-09-15T03:10:46+00:00 DEBUG (7): Task Execution Check [588537634] : Job Queue
2015-09-15T03:10:46+00:00 DEBUG (7): Task Execution Pass [588537634] : Job Queue
2015-09-15T03:10:46+00:00 DEBUG (7): Job Execution Loop Cancelled - Nothing to do
2015-09-15T03:10:46+00:00 DEBUG (7): Task Execution Complete [588537634] : Job Queue
2015-09-15T03:10:46+00:00 DEBUG (7): Task Execution Check [588537634] : Background Mailer
2015-09-15T03:10:46+00:00 DEBUG (7): Task Execution Pass [588537634] : Background Mailer
2015-09-15T03:10:46+00:00 DEBUG (7): Task Execution Complete [588537634] : Background Mailer
2015-09-15T03:10:46+00:00 DEBUG (7): Task Execution Check [588537634] : Member Data Maintenance
2015-09-15T03:10:46+00:00 DEBUG (7): Task Execution Pass [588537634] : Member Data Maintenance
2015-09-15T03:10:46+00:00 DEBUG (7): Task Execution Complete [588537634] : Member Data Maintenance
2015-09-15T03:10:46+00:00 DEBUG (7): Execution Complete [588537634] [1370327790]
2015-09-15T03:10:46+00:00 DEBUG (7): Execution Benchmark [588537634] [1370327790] : 0.053870 seconds
2015-09-15T03:10:46+00:00 DEBUG (7): Trigger Benchmark [1370327790] : 1.004586 seconds
2015-09-15T03:10:47+00:00 DEBUG (7): Trigger Check [1113441121] 
2015-09-15T03:10:47+00:00 DEBUG (7): Trigger Check Failed - Timeout [1113441121] - 1442286647 < 1442286705
2015-09-15T03:10:54+00:00 DEBUG (7): Trigger Check [1696134278] 
2015-09-15T03:10:54+00:00 DEBUG (7): Trigger Check Failed - Timeout [1696134278] - 1442286654 < 1442286705
2015-09-15T03:11:01+00:00 DEBUG (7): Trigger Check [536136772] 
2015-09-15T03:11:01+00:00 DEBUG (7): Trigger Check Failed - Timeout [536136772] - 1442286661 < 1442286705
2015-09-15T03:11:15+00:00 DEBUG (7): Trigger Check [11846617] 
2015-09-15T03:11:15+00:00 DEBUG (7): Trigger Check Failed - Timeout [11846617] - 1442286675 < 1442286705
2015-09-15T03:11:28+00:00 DEBUG (7): Trigger Check [1186244656] 
2015-09-15T03:11:28+00:00 DEBUG (7): Trigger Check Failed - Timeout [1186244656] - 1442286688 < 1442286705
2015-09-15T03:11:37+00:00 DEBUG (7): Trigger Check [2017788284] 
2015-09-15T03:11:37+00:00 DEBUG (7): Trigger Check Failed - Timeout [2017788284] - 1442286697 < 1442286705
2015-09-15T03:11:46+00:00 DEBUG (7): Trigger Check [614470972] 
2015-09-15T03:11:46+00:00 DEBUG (7): Trigger Pass [614470972] 
2015-09-15T03:11:48+00:00 DEBUG (7): Execution Check [1551530878] [614470972] 
2015-09-15T03:11:48+00:00 DEBUG (7): Execution Pass [1551530878] [614470972] 
2015-09-15T03:11:48+00:00 DEBUG (7): Task Execution Check [1551530878] : Job Queue
2015-09-15T03:11:48+00:00 DEBUG (7): Task Execution Pass [1551530878] : Job Queue
2015-09-15T03:11:48+00:00 DEBUG (7): Job Execution Loop Cancelled - Nothing to do
2015-09-15T03:11:48+00:00 DEBUG (7): Task Execution Complete [1551530878] : Job Queue
2015-09-15T03:11:48+00:00 DEBUG (7): Task Execution Check [1551530878] : Background Mailer
2015-09-15T03:11:48+00:00 DEBUG (7): Task Execution Pass [1551530878] : Background Mailer
2015-09-15T03:11:48+00:00 DEBUG (7): Task Execution Complete [1551530878] : Background Mailer
2015-09-15T03:11:48+00:00 DEBUG (7): Task Execution Check [1551530878] : Member Data Maintenance
2015-09-15T03:11:48+00:00 DEBUG (7): Task Execution Pass [1551530878] : Member Data Maintenance
2015-09-15T03:11:48+00:00 DEBUG (7): Task Execution Complete [1551530878] : Member Data Maintenance
2015-09-15T03:11:48+00:00 DEBUG (7): Execution Complete [1551530878] [614470972]
2015-09-15T03:11:48+00:00 DEBUG (7): Execution Benchmark [1551530878] [614470972] : 0.067115 seconds
2015-09-15T03:11:48+00:00 DEBUG (7): Trigger Benchmark [614470972] : 2.034075 seconds
2015-09-15T03:12:02+00:00 DEBUG (7): Trigger Check [1494456952] 
2015-09-15T03:12:02+00:00 DEBUG (7): Trigger Check Failed - Timeout [1494456952] - 1442286722 < 1442286766
2015-09-15T03:12:12+00:00 DEBUG (7): Trigger Check [1221711890] 
2015-09-15T03:12:12+00:00 DEBUG (7): Trigger Check Failed - Timeout [1221711890] - 1442286732 < 1442286766
2015-09-15T03:12:27+00:00 DEBUG (7): Trigger Check [2095850954] 
2015-09-15T03:12:27+00:00 DEBUG (7): Trigger Check Failed - Timeout [2095850954] - 1442286747 < 1442286766
2015-09-15T03:12:35+00:00 DEBUG (7): Trigger Check [561671724] 
2015-09-15T03:12:35+00:00 DEBUG (7): Trigger Check Failed - Timeout [561671724] - 1442286755 < 1442286766
2015-09-15T03:12:38+00:00 DEBUG (7): Trigger Check [727873496] 
2015-09-15T03:12:38+00:00 DEBUG (7): Trigger Check Failed - Timeout [727873496] - 1442286758 < 1442286766
